   info 2022-09-06 19:43:05.857         ad   main  80299  80299                         impl_selector - using avx2
 * * * * * * * * * * * * * * * * * *
   info 2022-09-06 19:43:05.857         ad   main  80299  80299                                  main - * AnyDesk Linux Startup *
   info 2022-09-06 19:43:05.857         ad   main  80299  80299                                  main - * Version 6.2.0 ((unknown) c27974bdbf98ff714eb0112c6c1b4123c4b9ddf2)
   info 2022-09-06 19:43:05.857         ad   main  80299  80299                                  main - * Build 20220624171433
   info 2022-09-06 19:43:05.857         ad   main  80299  80299                                  main - * Prefix ad
   info 2022-09-06 19:43:05.857         ad   main  80299  80299                                  main - * Copyright (C) 2022 AnyDesk Software GmbH *
   info 2022-09-06 19:43:05.857         ad   main  80299  80299                                  main - 
   info 2022-09-06 19:43:05.857         ad   main  80299  80299                                  main - Distribution Info: Ubuntu 22.04.1 LTS
   info 2022-09-06 19:43:05.857         ad   main  80299  80299                                  main - Found GLib Version: 2.72.
warning 2022-09-06 19:43:05.870         ad   main  80299  80299                   fiber.ipc_namespace - Global namespace without service.
warning 2022-09-06 19:43:05.870         ad   main  80299  80299                   fiber.ipc_namespace - Local namespace without service.
   info 2022-09-06 19:43:05.870         ad   main  80299  80299                   fiber.ipc_namespace - Global: no
   info 2022-09-06 19:43:05.871         ad   main  80299  80299                       app.common_path - user_data_dir = /home/ramona/.anydesk, logged_in_user_data_dir = /home/ramona/.anydesk, current_home = /home/ramona

   info 2022-09-06 19:43:05.871         ad   main  80299  80299                       app.common_path - initialized user = /home/ramona/.anydesk, system = /home/ramona/.anydesk
explode 2022-09-06 19:43:06.504         ad   main  80299  80299                   unix_base.x11_tools - Cannot open display
   info 2022-09-06 19:43:26.600         ad   main   1589   1589                         impl_selector - using avx2
 * * * * * * * * * * * * * * * * * *
   info 2022-09-06 19:43:26.601         ad   main   1589   1589                                  main - * AnyDesk Linux Startup *
   info 2022-09-06 19:43:26.601         ad   main   1589   1589                                  main - * Version 6.2.0 ((unknown) c27974bdbf98ff714eb0112c6c1b4123c4b9ddf2)
   info 2022-09-06 19:43:26.601         ad   main   1589   1589                                  main - * Build 20220624171433
   info 2022-09-06 19:43:26.601         ad   main   1589   1589                                  main - * Prefix ad
   info 2022-09-06 19:43:26.601         ad   main   1589   1589                                  main - * Copyright (C) 2022 AnyDesk Software GmbH *
   info 2022-09-06 19:43:26.601         ad   main   1589   1589                                  main - 
   info 2022-09-06 19:43:26.601         ad   main   1589   1589                                  main - Distribution Info: Ubuntu 22.04.1 LTS
   info 2022-09-06 19:43:26.601         ad   main   1589   1589                                  main - Found GLib Version: 2.72.
   info 2022-09-06 19:43:26.614         ad   main   1589   1589                       app.common_path - user_data_dir = /home/ramona/.anydesk, logged_in_user_data_dir = /home/ramona/.anydesk, current_home = /home/ramona

   info 2022-09-06 19:43:26.614         ad   main   1589   1589                       app.common_path - initialized user = /home/ramona/.anydesk, system = /etc/anydesk
   info 2022-09-06 19:43:26.638       tray   main   1589   1589                           gui.gui_app - DPI scaling: 1,00 / 1,00
   info 2022-09-06 19:43:26.638       tray   main   1589   1589                           gui.gui_app - Using std-resolution bitmaps.
   info 2022-09-06 19:43:26.669       tray   main   1589   1589                       base.signal.hub - 1 threads.
   info 2022-09-06 19:43:26.670       tray   main   1589   1589                    app.tunnel_ft_comp - Ready.
   info 2022-09-06 19:43:26.761       tray   ctrl   1589   1766                      unix_app.control - Control startup.
  error 2022-09-06 19:43:26.761       tray   ctrl   1589   1766              base.signal.global.event - Cannot set the subsignal count to a smaller or equal value.
  error 2022-09-06 19:43:26.777       tray   wrk0   1589   1767              base.prot.packet_factory - Invalid packet received (type=26, 8 bytes).
  error 2022-09-06 19:43:26.777       tray   wrk0   1589   1767                        hub_ipc_socket - IPC packet deserialization failed.
warning 2022-09-06 19:43:26.778       tray   wrk0   1589   1767        base.signal.global.shared_file - open (/var/lib/AccountsService/users/ramona) failed (13): Permission denied 
warning 2022-09-06 19:43:26.782       tray   wrk0   1589   1767                      unix_app.control - Could not update account image (File not found: /home/ramona/.face.icon).
